<?xml version="1.0" encoding="UTF-8"?>
<!-- Generated by org.testng.reporters.JUnitXMLReporter -->
<testsuite ignored="0" hostname="DESKTOP-SNS" failures="0" tests="11" name="Test" time="44.672" errors="0" timestamp="2026-07-17T11:52:34 IST">
  <testcase classname="testscript.LoginTest" name="verifyTheUserIsAbleToLoginUsingValidCredentials" time="1.604"/>
  <testcase classname="testscript.LoginTest" name="verifyWhetherUserIsAbleToLoginUsingCorrectUsernameAndIncorrectPassword" time="0.444"/>
  <testcase classname="testscript.LoginTest" name="verifyWhetherUserIsAbleToLoginUsingIncorrectUsernameAndcorrectPassword" time="0.501"/>
  <testcase classname="testscript.LoginTest" name="verifyWhetherUserIsAbleToLoginUsingInvalidCredentials" time="0.62"/>
  <testcase classname="testscript.LogOutTest" name="verifyUserCanLogoutSuccessfullyFromDashBoard" time="0.982"/>
  <testcase classname="testscript.ManageCategoryTest" name="verifyWhetherUserIsAbleToUploadFileOnCategoryPage" time="8.652">
    <skipped/>
  </testcase> <!-- verifyWhetherUserIsAbleToUploadFileOnCategoryPage -->
  <testcase classname="testscript.ManageCategoryTest" name="verifyWhetherUserIsAbleToUploadFileOnCategoryPage" time="2.543"/>
  <testcase classname="testscript.ManageDeliveryBoyTest" name="verifyWhetherUserIsAbleToAddDeliveryBoyList" time="2.695"/>
  <testcase classname="testscript.ManageLocationTest" name="verifyWhetherUserIsAbleToEnterLocationInformations" time="2.309"/>
  <testcase classname="testscript.AdminUserTest" name="verifyWhetherUserIsAbleToSaveInformationsOnAdminUser" time="1.856"/>
  <testcase classname="testscript.ManageNewsTest" name="verifyWhetherUserIsAbleToSave" time="1.71"/>
</testsuite> <!-- Test -->
