<?xml version="1.0" encoding="UTF-8"?>
<!-- Generated by org.testng.reporters.JUnitXMLReporter -->
<testsuite ignored="0" hostname="DESKTOP-SNS" failures="0" tests="10" name="ChromeTest" time="56.661" errors="0" timestamp="2026-07-09T19:28:13 IST">
  <testcase classname="testscript.ManageCategoryTest" name="verifyWhetherUserIsAbleToUploadFileOnCategoryPage" time="8.378"/>
  <testcase classname="testscript.ManageNewsTest" name="verifyWhetherUserIsAbleToSave" time="2.924"/>
  <testcase classname="testscript.LogOutTest" name="verifyUserCanLogoutSuccessfullyFromDashBoard" time="1.408"/>
  <testcase classname="testscript.ManageDeliveryBoyTest" name="verifyWhetherUserIsAbleToAddDeliveryBoyList" time="3.931"/>
  <testcase classname="testscript.ManageLocationTest" name="verifyWhetherUserIsAbleToEnterLocationInformations" time="3.621"/>
  <testcase classname="testscript.AdminUserTest" name="verifyWhetherUserIsAbleToSaveInformationsOnAdminUser" time="3.132"/>
  <testcase classname="testscript.LoginTest" name="verifyTheUserIsAbleToLoginUsingValidCredentials" time="0.911"/>
  <testcase classname="testscript.LoginTest" name="verifyWhetherUserIsAbleToLoginUsingCorrectUsernameAndIncorrectPassword" time="0.796"/>
  <testcase classname="testscript.LoginTest" name="verifyWhetherUserIsAbleToLoginUsingIncorrectUsernameAndcorrectPassword" time="0.756"/>
  <testcase classname="testscript.LoginTest" name="verifyWhetherUserIsAbleToLoginUsingInvalidCredentials" time="0.793"/>
</testsuite> <!-- ChromeTest -->
