<?xml version="1.0" encoding="UTF-8"?>
<testng-results ignored="0" total="1" passed="1" failed="0" skipped="0">
  <reporter-output>
  </reporter-output>
  <suite started-at="2026-07-14T11:20:20 IST" name="Suite" finished-at="2026-07-14T11:20:25 IST" duration-ms="4798">
    <groups>
      <group name="Regression">
        <method signature="ManageNewsTest.verifyWhetherUserIsAbleToSave()[pri:0, instance:testscript.ManageNewsTest@14bdbc74]" name="verifyWhetherUserIsAbleToSave" class="testscript.ManageNewsTest"/>
      </group> <!-- Regression -->
    </groups>
    <test started-at="2026-07-14T11:20:20 IST" name="Test" finished-at="2026-07-14T11:20:25 IST" duration-ms="4798">
      <class name="testscript.ManageNewsTest">
        <test-method is-config="true" signature="initializeBrowser(java.lang.String)[pri:0, instance:testscript.ManageNewsTest@14bdbc74]" started-at="2026-07-14T11:20:20 IST" name="initializeBrowser" finished-at="2026-07-14T11:20:22 IST" duration-ms="2010" status="PASS">
          <params>
            <param index="0">
              <value>
                <![CDATA[chrome]]>
              </value>
            </param>
          </params>
          <reporter-output>
          </reporter-output>
        </test-method> <!-- initializeBrowser -->
        <test-method signature="verifyWhetherUserIsAbleToSave()[pri:0, instance:testscript.ManageNewsTest@14bdbc74]" started-at="2026-07-14T11:20:22 IST" name="verifyWhetherUserIsAbleToSave" finished-at="2026-07-14T11:20:25 IST" duration-ms="2553" status="PASS">
          <reporter-output>
          </reporter-output>
        </test-method> <!-- verifyWhetherUserIsAbleToSave -->
        <test-method is-config="true" signature="browserQuit(org.testng.ITestResult)[pri:0, instance:testscript.ManageNewsTest@14bdbc74]" started-at="2026-07-14T11:20:25 IST" name="browserQuit" finished-at="2026-07-14T11:20:25 IST" duration-ms="195" status="PASS">
          <params>
            <param index="0">
              <value>
                <![CDATA[[TestResult name=verifyWhetherUserIsAbleToSave status=SUCCESS method=ManageNewsTest.verifyWhetherUserIsAbleToSave()[pri:0, instance:testscript.ManageNewsTest@14bdbc74] output={null}]]]>
              </value>
            </param>
          </params>
          <reporter-output>
          </reporter-output>
        </test-method> <!-- browserQuit -->
      </class> <!-- testscript.ManageNewsTest -->
    </test> <!-- Test -->
  </suite> <!-- Suite -->
</testng-results>
