<?xml version="1.0" encoding="UTF-8"?>
<!-- Generated by org.testng.reporters.JUnitXMLReporter -->
<testsuite ignored="0" hostname="DESKTOP-SNS" failures="0" tests="10" name="Test" time="77.21" errors="0" timestamp="2026-07-09T19:32:14 IST">
  <testcase classname="testscript.LoginTest" name="verifyTheUserIsAbleToLoginUsingValidCredentials" time="3.444"/>
  <testcase classname="testscript.LoginTest" name="verifyWhetherUserIsAbleToLoginUsingCorrectUsernameAndIncorrectPassword" time="0.906"/>
  <testcase classname="testscript.LoginTest" name="verifyWhetherUserIsAbleToLoginUsingIncorrectUsernameAndcorrectPassword" time="1.011"/>
  <testcase classname="testscript.LoginTest" name="verifyWhetherUserIsAbleToLoginUsingInvalidCredentials" time="1.242"/>
  <testcase classname="testscript.LogOutTest" name="verifyUserCanLogoutSuccessfullyFromDashBoard" time="2.434"/>
  <testcase classname="testscript.ManageCategoryTest" name="verifyWhetherUserIsAbleToUploadFileOnCategoryPage" time="7.632"/>
  <testcase classname="testscript.ManageNewsTest" name="verifyWhetherUserIsAbleToSave" time="4.616"/>
  <testcase classname="testscript.ManageDeliveryBoyTest" name="verifyWhetherUserIsAbleToAddDeliveryBoyList" time="9.57"/>
  <testcase classname="testscript.ManageLocationTest" name="verifyWhetherUserIsAbleToEnterLocationInformations" time="4.197"/>
  <testcase classname="testscript.AdminUserTest" name="verifyWhetherUserIsAbleToSaveInformationsOnAdminUser" time="3.305"/>
</testsuite> <!-- Test -->
