<?xml version="1.0" encoding="UTF-8"?>
<!-- Generated by org.testng.reporters.JUnitReportReporter -->
<testsuite hostname="DESKTOP-SNS" failures="0" tests="2" name="testscript.ManageCategoryTest" time="14.755" errors="0" timestamp="2026-07-17T11:52:34 IST" skipped="1">
  <testcase classname="testscript.ManageCategoryTest" name="verifyWhetherUserIsAbleToUploadFileOnCategoryPage" time="10.328">
    <skipped/>
  </testcase> <!-- verifyWhetherUserIsAbleToUploadFileOnCategoryPage -->
  <testcase classname="testscript.ManageCategoryTest" name="verifyWhetherUserIsAbleToUploadFileOnCategoryPage" time="4.427"/>
</testsuite> <!-- testscript.ManageCategoryTest -->
