<?xml version="1.0" encoding="UTF-8"?>
<!-- Generated by org.testng.reporters.JUnitReportReporter -->
<testsuite hostname="DESKTOP-SNS" failures="0" tests="2" name="testscript.ManageLocationTest" time="21.445" errors="0" timestamp="2026-07-10T11:04:15 IST" skipped="0">
  <testcase classname="testscript.ManageLocationTest" name="verifyWhetherUserIsAbleToEnterLocationInformations" time="8.143"/>
  <testcase classname="testscript.ManageLocationTest" name="verifyWhetherUserIsAbleToEnterLocationInformations" time="13.302"/>
</testsuite> <!-- testscript.ManageLocationTest -->
