<?xml version="1.0" encoding="UTF-8"?>
<!-- Generated by org.testng.reporters.JUnitReportReporter -->
<testsuite hostname="DESKTOP-SNS" failures="0" tests="4" name="testscript.LoginTest" time="10.924" errors="0" timestamp="2026-07-17T11:52:34 IST" skipped="0">
  <testcase classname="testscript.LoginTest" name="verifyTheUserIsAbleToLoginUsingValidCredentials" time="3.358"/>
  <testcase classname="testscript.LoginTest" name="verifyWhetherUserIsAbleToLoginUsingCorrectUsernameAndIncorrectPassword" time="2.232"/>
  <testcase classname="testscript.LoginTest" name="verifyWhetherUserIsAbleToLoginUsingInvalidCredentials" time="2.988"/>
  <testcase classname="testscript.LoginTest" name="verifyWhetherUserIsAbleToLoginUsingIncorrectUsernameAndcorrectPassword" time="2.346"/>
</testsuite> <!-- testscript.LoginTest -->
