<?xml version="1.0" encoding="UTF-8"?>
<!-- Generated by org.testng.reporters.JUnitReportReporter -->
<testsuite hostname="DESKTOP-SNS" failures="0" tests="2" name="testscript.ManageDeliveryBoyTest" time="18.399" errors="0" timestamp="2026-07-10T11:04:15 IST" skipped="0">
  <testcase classname="testscript.ManageDeliveryBoyTest" name="verifyWhetherUserIsAbleToAddDeliveryBoyList" time="11.972"/>
  <testcase classname="testscript.ManageDeliveryBoyTest" name="verifyWhetherUserIsAbleToAddDeliveryBoyList" time="6.427"/>
</testsuite> <!-- testscript.ManageDeliveryBoyTest -->
