<?xml version="1.0" encoding="UTF-8"?>
<!-- Generated by org.testng.reporters.JUnitReportReporter -->
<testsuite hostname="DESKTOP-SNS" failures="0" tests="2" name="testscript.LogOutTest" time="19.337" errors="0" timestamp="2026-07-10T11:04:15 IST" skipped="0">
  <testcase classname="testscript.LogOutTest" name="verifyUserCanLogoutSuccessfullyFromDashBoard" time="13.926"/>
  <testcase classname="testscript.LogOutTest" name="verifyUserCanLogoutSuccessfullyFromDashBoard" time="5.411"/>
</testsuite> <!-- testscript.LogOutTest -->
