<?xml version="1.0" encoding="UTF-8"?>
<!-- Generated by org.testng.reporters.JUnitReportReporter -->
<testsuite hostname="DESKTOP-SNS" failures="0" tests="4" name="testscript.ManageCategoryTest" time="59.126" errors="0" timestamp="2026-07-10T11:04:15 IST" skipped="2">
  <testcase classname="testscript.ManageCategoryTest" name="verifyWhetherUserIsAbleToUploadFileOnCategoryPage" time="18.199">
    <skipped/>
  </testcase> <!-- verifyWhetherUserIsAbleToUploadFileOnCategoryPage -->
  <testcase classname="testscript.ManageCategoryTest" name="verifyWhetherUserIsAbleToUploadFileOnCategoryPage" time="7.483"/>
  <testcase classname="testscript.ManageCategoryTest" name="verifyWhetherUserIsAbleToUploadFileOnCategoryPage" time="20.331"/>
  <testcase classname="testscript.ManageCategoryTest" name="verifyWhetherUserIsAbleToUploadFileOnCategoryPage" time="13.113">
    <skipped/>
  </testcase> <!-- verifyWhetherUserIsAbleToUploadFileOnCategoryPage -->
</testsuite> <!-- testscript.ManageCategoryTest -->
