<?xml version="1.0" encoding="UTF-8"?>
<!-- Generated by org.testng.reporters.JUnitXMLReporter -->
<testsuite ignored="0" hostname="DESKTOP-SNS" failures="0" tests="12" name="ChromeTest" time="97.522" errors="0" timestamp="2026-07-10T11:03:32 IST">
  <testcase classname="testscript.LoginTest" name="verifyTheUserIsAbleToLoginUsingValidCredentials" time="4.828"/>
  <testcase classname="testscript.LoginTest" name="verifyWhetherUserIsAbleToLoginUsingCorrectUsernameAndIncorrectPassword" time="0.968"/>
  <testcase classname="testscript.LoginTest" name="verifyWhetherUserIsAbleToLoginUsingIncorrectUsernameAndcorrectPassword" time="1.112"/>
  <testcase classname="testscript.LoginTest" name="verifyWhetherUserIsAbleToLoginUsingInvalidCredentials" time="0.968"/>
  <testcase classname="testscript.LogOutTest" name="verifyUserCanLogoutSuccessfullyFromDashBoard" time="2.207"/>
  <testcase classname="testscript.ManageCategoryTest" name="verifyWhetherUserIsAbleToUploadFileOnCategoryPage" time="6.164">
    <skipped/>
  </testcase> <!-- verifyWhetherUserIsAbleToUploadFileOnCategoryPage -->
  <testcase classname="testscript.ManageCategoryTest" name="verifyWhetherUserIsAbleToUploadFileOnCategoryPage" time="9.281">
    <skipped/>
  </testcase> <!-- verifyWhetherUserIsAbleToUploadFileOnCategoryPage -->
  <testcase classname="testscript.ManageCategoryTest" name="verifyWhetherUserIsAbleToUploadFileOnCategoryPage" time="4.483"/>
  <testcase classname="testscript.ManageNewsTest" name="verifyWhetherUserIsAbleToSave" time="4.435"/>
  <testcase classname="testscript.ManageDeliveryBoyTest" name="verifyWhetherUserIsAbleToAddDeliveryBoyList" time="3.862"/>
  <testcase classname="testscript.ManageLocationTest" name="verifyWhetherUserIsAbleToEnterLocationInformations" time="3.485"/>
  <testcase classname="testscript.AdminUserTest" name="verifyWhetherUserIsAbleToSaveInformationsOnAdminUser" time="3.009"/>
</testsuite> <!-- ChromeTest -->
