<?xml version="1.0" encoding="UTF-8"?>
<!-- Generated by org.testng.reporters.JUnitXMLReporter -->
<testsuite ignored="0" hostname="DESKTOP-SNS" failures="0" tests="10" name="FirefoxTest" time="140.263" errors="0" timestamp="2026-07-10T11:04:14 IST">
  <testcase classname="testscript.LoginTest" name="verifyTheUserIsAbleToLoginUsingValidCredentials" time="2.295"/>
  <testcase classname="testscript.LoginTest" name="verifyWhetherUserIsAbleToLoginUsingCorrectUsernameAndIncorrectPassword" time="0.866"/>
  <testcase classname="testscript.LoginTest" name="verifyWhetherUserIsAbleToLoginUsingIncorrectUsernameAndcorrectPassword" time="0.749"/>
  <testcase classname="testscript.LoginTest" name="verifyWhetherUserIsAbleToLoginUsingInvalidCredentials" time="1.433"/>
  <testcase classname="testscript.LogOutTest" name="verifyUserCanLogoutSuccessfullyFromDashBoard" time="2.571"/>
  <testcase classname="testscript.ManageCategoryTest" name="verifyWhetherUserIsAbleToUploadFileOnCategoryPage" time="7.311"/>
  <testcase classname="testscript.ManageNewsTest" name="verifyWhetherUserIsAbleToSave" time="2.58"/>
  <testcase classname="testscript.ManageDeliveryBoyTest" name="verifyWhetherUserIsAbleToAddDeliveryBoyList" time="3.882"/>
  <testcase classname="testscript.ManageLocationTest" name="verifyWhetherUserIsAbleToEnterLocationInformations" time="3.275"/>
  <testcase classname="testscript.AdminUserTest" name="verifyWhetherUserIsAbleToSaveInformationsOnAdminUser" time="2.757"/>
</testsuite> <!-- FirefoxTest -->
